<?xml version="1.0" encoding="UTF-8"?>
<coverage generated="1652699342790" clover="3.2.0">
  <project timestamp="1652699342790" name="All files">
    <metrics statements="4" coveredstatements="1" conditionals="0" coveredconditionals="0" methods="2" coveredmethods="0" elements="6" coveredelements="1" complexity="0" loc="4" ncloc="4" packages="1" files="1" classes="1"/>
    <file name="template.js" path="C:\Users\mathi\TicTacToe\src\template.js">
      <metrics statements="4" coveredstatements="1" conditionals="0" coveredconditionals="0" methods="2" coveredmethods="0"/>
      <line num="2" count="0" type="stmt"/>
      <line num="3" count="0" type="stmt"/>
      <line num="7" count="0" type="stmt"/>
      <line num="10" count="1" type="stmt"/>
    </file>
  </project>
</coverage>
