<?xml version="1.0" encoding="UTF-8"?>
<coverage generated="1652702956760" clover="3.2.0">
  <project timestamp="1652702956760" name="All files">
    <metrics statements="16" coveredstatements="14" conditionals="26" coveredconditionals="24" methods="5" coveredmethods="5" elements="47" coveredelements="43" complexity="0" loc="16" ncloc="16" packages="1" files="1" classes="1"/>
    <file name="template.js" path="C:\Users\mathi\TicTacToe\src\template.js">
      <metrics statements="16" coveredstatements="14" conditionals="26" coveredconditionals="24" methods="5" coveredmethods="5"/>
      <line num="2" count="1" type="stmt"/>
      <line num="3" count="1" type="stmt"/>
      <line num="7" count="5" type="cond" truecount="2" falsecount="0"/>
      <line num="8" count="3" type="stmt"/>
      <line num="9" count="3" type="stmt"/>
      <line num="10" count="2" type="stmt"/>
      <line num="14" count="2" type="cond" truecount="2" falsecount="0"/>
      <line num="15" count="1" type="stmt"/>
      <line num="16" count="1" type="stmt"/>
      <line num="20" count="3" type="cond" truecount="10" falsecount="1"/>
      <line num="23" count="3" type="stmt"/>
      <line num="24" count="0" type="stmt"/>
      <line num="29" count="3" type="cond" truecount="10" falsecount="1"/>
      <line num="32" count="3" type="stmt"/>
      <line num="33" count="0" type="stmt"/>
      <line num="36" count="1" type="stmt"/>
    </file>
  </project>
</coverage>
