{"C:\\Users\\mathi\\TicTacToe\\src\\template.js": {"path":"C:\\Users\\mathi\\TicTacToe\\src\\template.js","statementMap":{"0":{"start":{"line":2,"column":4},"end":{"line":2,"column":58}},"1":{"start":{"line":3,"column":4},"end":{"line":3,"column":25}},"2":{"start":{"line":7,"column":4},"end":{"line":10,"column":23}},"3":{"start":{"line":8,"column":8},"end":{"line":8,"column":37}},"4":{"start":{"line":9,"column":8},"end":{"line":9,"column":29}},"5":{"start":{"line":10,"column":11},"end":{"line":10,"column":23}},"6":{"start":{"line":14,"column":4},"end":{"line":16,"column":37}},"7":{"start":{"line":15,"column":8},"end":{"line":15,"column":34}},"8":{"start":{"line":16,"column":11},"end":{"line":16,"column":37}},"9":{"start":{"line":20,"column":4},"end":{"line":24,"column":18}},"10":{"start":{"line":23,"column":8},"end":{"line":23,"column":51}},"11":{"start":{"line":24,"column":11},"end":{"line":24,"column":18}},"12":{"start":{"line":29,"column":4},"end":{"line":33,"column":18}},"13":{"start":{"line":32,"column":8},"end":{"line":32,"column":53}},"14":{"start":{"line":33,"column":11},"end":{"line":33,"column":18}},"15":{"start":{"line":36,"column":0},"end":{"line":36,"column":140}}},"fnMap":{"0":{"name":"createThePlayingBoard","decl":{"start":{"line":1,"column":9},"end":{"line":1,"column":30}},"loc":{"start":{"line":1,"column":47},"end":{"line":4,"column":1}},"line":1},"1":{"name":"playerTakesHisTurn","decl":{"start":{"line":6,"column":9},"end":{"line":6,"column":27}},"loc":{"start":{"line":6,"column":58},"end":{"line":11,"column":1}},"line":6},"2":{"name":"switchCurrentPlayer","decl":{"start":{"line":13,"column":9},"end":{"line":13,"column":28}},"loc":{"start":{"line":13,"column":44},"end":{"line":17,"column":1}},"line":13},"3":{"name":"checkHorizontalLineForWinner","decl":{"start":{"line":19,"column":9},"end":{"line":19,"column":37}},"loc":{"start":{"line":19,"column":69},"end":{"line":26,"column":1}},"line":19},"4":{"name":"checkVerticalLineForWinner","decl":{"start":{"line":28,"column":9},"end":{"line":28,"column":35}},"loc":{"start":{"line":28,"column":66},"end":{"line":34,"column":1}},"line":28}},"branchMap":{"0":{"loc":{"start":{"line":7,"column":4},"end":{"line":10,"column":23}},"type":"if","locations":[{"start":{"line":7,"column":4},"end":{"line":10,"column":23}},{"start":{"line":10,"column":11},"end":{"line":10,"column":23}}],"line":7},"1":{"loc":{"start":{"line":14,"column":4},"end":{"line":16,"column":37}},"type":"if","locations":[{"start":{"line":14,"column":4},"end":{"line":16,"column":37}},{"start":{"line":16,"column":11},"end":{"line":16,"column":37}}],"line":14},"2":{"loc":{"start":{"line":20,"column":4},"end":{"line":24,"column":18}},"type":"if","locations":[{"start":{"line":20,"column":4},"end":{"line":24,"column":18}},{"start":{"line":24,"column":11},"end":{"line":24,"column":18}}],"line":20},"3":{"loc":{"start":{"line":20,"column":8},"end":{"line":22,"column":118}},"type":"binary-expr","locations":[{"start":{"line":20,"column":8},"end":{"line":20,"column":42}},{"start":{"line":20,"column":46},"end":{"line":20,"column":80}},{"start":{"line":20,"column":84},"end":{"line":20,"column":118}},{"start":{"line":21,"column":8},"end":{"line":21,"column":42}},{"start":{"line":21,"column":46},"end":{"line":21,"column":80}},{"start":{"line":21,"column":84},"end":{"line":21,"column":118}},{"start":{"line":22,"column":8},"end":{"line":22,"column":42}},{"start":{"line":22,"column":46},"end":{"line":22,"column":80}},{"start":{"line":22,"column":84},"end":{"line":22,"column":118}}],"line":20},"4":{"loc":{"start":{"line":29,"column":4},"end":{"line":33,"column":18}},"type":"if","locations":[{"start":{"line":29,"column":4},"end":{"line":33,"column":18}},{"start":{"line":33,"column":11},"end":{"line":33,"column":18}}],"line":29},"5":{"loc":{"start":{"line":29,"column":8},"end":{"line":31,"column":118}},"type":"binary-expr","locations":[{"start":{"line":29,"column":8},"end":{"line":29,"column":42}},{"start":{"line":29,"column":46},"end":{"line":29,"column":80}},{"start":{"line":29,"column":84},"end":{"line":29,"column":118}},{"start":{"line":30,"column":8},"end":{"line":30,"column":42}},{"start":{"line":30,"column":46},"end":{"line":30,"column":80}},{"start":{"line":30,"column":84},"end":{"line":30,"column":118}},{"start":{"line":31,"column":8},"end":{"line":31,"column":42}},{"start":{"line":31,"column":46},"end":{"line":31,"column":80}},{"start":{"line":31,"column":84},"end":{"line":31,"column":118}}],"line":29}},"s":{"0":1,"1":1,"2":5,"3":3,"4":3,"5":2,"6":2,"7":1,"8":1,"9":3,"10":3,"11":0,"12":3,"13":3,"14":0,"15":1},"f":{"0":1,"1":5,"2":2,"3":3,"4":3},"b":{"0":[3,2],"1":[1,1],"2":[3,0],"3":[3,1,1,2,1,1,1,1,1],"4":[3,0],"5":[3,1,1,2,1,1,1,1,1]},"_coverageSchema":"1a1c01bbd47fc00a2c39e90264f33305004495a9","hash":"68eb5804c872e6669e2252a5ae500db34aec7d9b"}
}
