TN:
SF:src\template.js
FN:1,createThePlayingBoard
FN:6,playerTakesHisTurn
FN:13,switchCurrentPlayer
FN:19,checkHorizontalLineForWinner
FN:28,checkVerticalLineForWinner
FNF:5
FNH:5
FNDA:1,createThePlayingBoard
FNDA:5,playerTakesHisTurn
FNDA:2,switchCurrentPlayer
FNDA:3,checkHorizontalLineForWinner
FNDA:3,checkVerticalLineForWinner
DA:2,1
DA:3,1
DA:7,5
DA:8,3
DA:9,3
DA:10,2
DA:14,2
DA:15,1
DA:16,1
DA:20,3
DA:23,3
DA:24,0
DA:29,3
DA:32,3
DA:33,0
DA:36,1
LF:16
LH:14
BRDA:7,0,0,3
BRDA:7,0,1,2
BRDA:14,1,0,1
BRDA:14,1,1,1
BRDA:20,2,0,3
BRDA:20,2,1,0
BRDA:20,3,0,3
BRDA:20,3,1,1
BRDA:20,3,2,1
BRDA:20,3,3,2
BRDA:20,3,4,1
BRDA:20,3,5,1
BRDA:20,3,6,1
BRDA:20,3,7,1
BRDA:20,3,8,1
BRDA:29,4,0,3
BRDA:29,4,1,0
BRDA:29,5,0,3
BRDA:29,5,1,1
BRDA:29,5,2,1
BRDA:29,5,3,2
BRDA:29,5,4,1
BRDA:29,5,5,1
BRDA:29,5,6,1
BRDA:29,5,7,1
BRDA:29,5,8,1
BRF:26
BRH:24
end_of_record
