TN:
SF:src\template.js
FN:1,createThePlayingBoard
FN:6,playerTakesHisTurn
FN:13,switchCurrentPlayer
FN:19,checkHorizontalLineForWinner
FN:28,checkVerticalLineForWinner
FN:36,checkDiagonalLineForWinner
FN:43,checkForDraw
FNF:7
FNH:7
FNDA:1,createThePlayingBoard
FNDA:5,playerTakesHisTurn
FNDA:2,switchCurrentPlayer
FNDA:4,checkHorizontalLineForWinner
FNDA:4,checkVerticalLineForWinner
FNDA:3,checkDiagonalLineForWinner
FNDA:2,checkForDraw
DA:2,1
DA:3,1
DA:7,5
DA:8,3
DA:9,3
DA:10,2
DA:14,2
DA:15,1
DA:16,1
DA:20,4
DA:23,3
DA:24,1
DA:29,4
DA:32,3
DA:33,1
DA:37,3
DA:39,2
DA:40,1
DA:44,2
DA:45,1
DA:46,1
DA:49,1
LF:22
LH:22
BRDA:7,0,0,3
BRDA:7,0,1,2
BRDA:14,1,0,1
BRDA:14,1,1,1
BRDA:20,2,0,3
BRDA:20,2,1,1
BRDA:20,3,0,4
BRDA:20,3,1,1
BRDA:20,3,2,1
BRDA:20,3,3,3
BRDA:20,3,4,1
BRDA:20,3,5,1
BRDA:20,3,6,2
BRDA:20,3,7,2
BRDA:20,3,8,1
BRDA:29,4,0,3
BRDA:29,4,1,1
BRDA:29,5,0,4
BRDA:29,5,1,1
BRDA:29,5,2,1
BRDA:29,5,3,3
BRDA:29,5,4,1
BRDA:29,5,5,1
BRDA:29,5,6,2
BRDA:29,5,7,1
BRDA:29,5,8,1
BRDA:37,6,0,2
BRDA:37,6,1,1
BRDA:37,7,0,3
BRDA:37,7,1,1
BRDA:37,7,2,1
BRDA:37,7,3,2
BRDA:37,7,4,1
BRDA:37,7,5,1
BRDA:44,8,0,1
BRDA:44,8,1,1
BRF:36
BRH:36
end_of_record
